<?xml version="1.0" encoding="UTF-8"?>
<robot generator="Robot 4.1.3 (Python 3.9.10 on win32)" generated="20220411 18:37:18.909" rpa="false" schemaversion="2">
<suite id="s1" name="Test Nexign" source="c:\Users\Max\Desktop\www\VSC_Python\Robot_Framework\test_cases\test_nexign.robot">
<test id="s1-t1" name="Test get in touch form">
<kw name="Open Browser and Maximize" library="nexign_main_ru" type="SETUP">
<arg>${url_main}</arg>
<arg>${browser_chrome}</arg>
<kw name="Open Browser" library="SeleniumLibrary">
<arg>${test_url}</arg>
<arg>${test_browser}</arg>
<doc>Opens a new browser instance to the optional ``url``.</doc>
<msg timestamp="20220411 18:37:19.100" level="INFO">Opening browser 'Chrome' to base url 'https://nexign.com/ru/'.</msg>
<status status="PASS" starttime="20220411 18:37:19.100" endtime="20220411 18:37:22.586"/>
</kw>
<kw name="Maximize Browser Window" library="SeleniumLibrary">
<doc>Maximizes current browser window.</doc>
<status status="PASS" starttime="20220411 18:37:22.586" endtime="20220411 18:37:22.705"/>
</kw>
<kw name="Log" library="BuiltIn">
<arg>Staring test in ${test_browser}</arg>
<doc>Logs the given message with the given level.</doc>
<msg timestamp="20220411 18:37:22.705" level="INFO">Staring test in Chrome</msg>
<status status="PASS" starttime="20220411 18:37:22.705" endtime="20220411 18:37:22.705"/>
</kw>
<kw name="Log" library="BuiltIn">
<arg>Test URL: ${test_url}</arg>
<doc>Logs the given message with the given level.</doc>
<msg timestamp="20220411 18:37:22.705" level="INFO">Test URL: https://nexign.com/ru/</msg>
<status status="PASS" starttime="20220411 18:37:22.705" endtime="20220411 18:37:22.705"/>
</kw>
<status status="PASS" starttime="20220411 18:37:19.099" endtime="20220411 18:37:22.705"/>
</kw>
<kw name="Set Screenshot Directory" library="SeleniumLibrary">
<arg>./screenshots/fail</arg>
<doc>Sets the directory for captured screenshots.</doc>
<status status="PASS" starttime="20220411 18:37:22.706" endtime="20220411 18:37:22.706"/>
</kw>
<kw name="Accept cookies" library="nexign_main_ru">
<kw name="Wait Until Element Is Enabled" library="SeleniumLibrary">
<arg>sliding-popup</arg>
<doc>Waits until the element ``locator`` is enabled.</doc>
<status status="PASS" starttime="20220411 18:37:22.707" endtime="20220411 18:37:22.751"/>
</kw>
<kw name="Page Should Contain Element" library="SeleniumLibrary">
<arg>sliding-popup</arg>
<doc>Verifies that element ``locator`` is found on the current page.</doc>
<msg timestamp="20220411 18:37:22.780" level="INFO">Current page contains element 'sliding-popup'.</msg>
<status status="PASS" starttime="20220411 18:37:22.751" endtime="20220411 18:37:22.780"/>
</kw>
<kw name="Sleep" library="BuiltIn">
<arg>1</arg>
<doc>Pauses the test executed for the given time.</doc>
<msg timestamp="20220411 18:37:23.784" level="INFO">Slept 1 second</msg>
<status status="PASS" starttime="20220411 18:37:22.780" endtime="20220411 18:37:23.784"/>
</kw>
<kw name="Click Button" library="SeleniumLibrary">
<arg>xpath=//button[@class="agree-button eu-cookie-compliance-secondary-button"]</arg>
<doc>Clicks the button identified by ``locator``.</doc>
<msg timestamp="20220411 18:37:23.784" level="INFO">Clicking button 'xpath=//button[@class="agree-button eu-cookie-compliance-secondary-button"]'.</msg>
<status status="PASS" starttime="20220411 18:37:23.784" endtime="20220411 18:37:23.862"/>
</kw>
<kw name="Wait Until Page Does Not Contain Element" library="SeleniumLibrary">
<arg>sliding-popup</arg>
<doc>Waits until the element ``locator`` disappears from the current page.</doc>
<status status="PASS" starttime="20220411 18:37:23.862" endtime="20220411 18:37:24.959"/>
</kw>
<status status="PASS" starttime="20220411 18:37:22.707" endtime="20220411 18:37:24.959"/>
</kw>
<kw name="Send get in touch form" library="nexign_main_ru">
<arg>${first_name}</arg>
<arg>${last_name}</arg>
<arg>${company_name}</arg>
<arg>${job_title}</arg>
<arg>${business_email}</arg>
<arg>${phone_number}</arg>
<arg>${question}</arg>
<kw name="Scroll Element Into View" library="SeleniumLibrary">
<arg>class=main-form</arg>
<doc>Scrolls the element identified by ``locator`` into view.</doc>
<status status="PASS" starttime="20220411 18:37:24.960" endtime="20220411 18:37:25.251"/>
</kw>
<kw name="Input Text" library="SeleniumLibrary">
<arg>edit-name</arg>
<arg>${first_name}</arg>
<doc>Types the given ``text`` into the text field identified by ``locator``.</doc>
<msg timestamp="20220411 18:37:25.251" level="INFO">Typing text 'Mike' into text field 'edit-name'.</msg>
<status status="PASS" starttime="20220411 18:37:25.251" endtime="20220411 18:37:25.373"/>
</kw>
<kw name="Input Text" library="SeleniumLibrary">
<arg>edit-last-name</arg>
<arg>${last_name}</arg>
<doc>Types the given ``text`` into the text field identified by ``locator``.</doc>
<msg timestamp="20220411 18:37:25.373" level="INFO">Typing text 'Dolman' into text field 'edit-last-name'.</msg>
<status status="PASS" starttime="20220411 18:37:25.373" endtime="20220411 18:37:25.478"/>
</kw>
<kw name="Input Text" library="SeleniumLibrary">
<arg>edit-company-name</arg>
<arg>${company_name}</arg>
<doc>Types the given ``text`` into the text field identified by ``locator``.</doc>
<msg timestamp="20220411 18:37:25.479" level="INFO">Typing text 'IOBS' into text field 'edit-company-name'.</msg>
<status status="PASS" starttime="20220411 18:37:25.479" endtime="20220411 18:37:25.605"/>
</kw>
<kw name="Input Text" library="SeleniumLibrary">
<arg>edit-post</arg>
<arg>${job_title}</arg>
<doc>Types the given ``text`` into the text field identified by ``locator``.</doc>
<msg timestamp="20220411 18:37:25.606" level="INFO">Typing text 'market agent' into text field 'edit-post'.</msg>
<status status="PASS" starttime="20220411 18:37:25.606" endtime="20220411 18:37:25.716"/>
</kw>
<kw name="Input Text" library="SeleniumLibrary">
<arg>edit-e-mail</arg>
<arg>${business_email}</arg>
<doc>Types the given ``text`` into the text field identified by ``locator``.</doc>
<msg timestamp="20220411 18:37:25.716" level="INFO">Typing text 'maxdolmanmailcom' into text field 'edit-e-mail'.</msg>
<status status="PASS" starttime="20220411 18:37:25.716" endtime="20220411 18:37:25.830"/>
</kw>
<kw name="Input Text" library="SeleniumLibrary">
<arg>edit-phone-number</arg>
<arg>${phone_number}</arg>
<doc>Types the given ``text`` into the text field identified by ``locator``.</doc>
<msg timestamp="20220411 18:37:25.830" level="INFO">Typing text '+3878-456-38-38' into text field 'edit-phone-number'.</msg>
<status status="PASS" starttime="20220411 18:37:25.830" endtime="20220411 18:37:25.952"/>
</kw>
<kw name="Input Text" library="SeleniumLibrary">
<arg>name=question</arg>
<arg>${question}</arg>
<doc>Types the given ``text`` into the text field identified by ``locator``.</doc>
<msg timestamp="20220411 18:37:25.952" level="INFO">Typing text 'Просьба не реагировать. Это тест.' into text field 'name=question'.</msg>
<status status="PASS" starttime="20220411 18:37:25.952" endtime="20220411 18:37:26.078"/>
</kw>
<kw name="Checkbox Should Not Be Selected" library="SeleniumLibrary">
<arg>edit-consent</arg>
<doc>Verifies checkbox ``locator`` is not selected/checked.</doc>
<msg timestamp="20220411 18:37:26.079" level="INFO">Verifying checkbox 'edit-consent' is not selected.</msg>
<status status="PASS" starttime="20220411 18:37:26.079" endtime="20220411 18:37:26.110"/>
</kw>
<kw name="Sleep" library="BuiltIn">
<arg>5</arg>
<doc>Pauses the test executed for the given time.</doc>
<msg timestamp="20220411 18:37:31.112" level="INFO">Slept 5 seconds</msg>
<status status="PASS" starttime="20220411 18:37:26.110" endtime="20220411 18:37:31.112"/>
</kw>
<kw name="Click Element" library="SeleniumLibrary">
<arg>xpath=/html/body/div[1]/div/main/div[7]/div/div/div/div/form/div[10]/input</arg>
<doc>Click the element identified by ``locator``.</doc>
<msg timestamp="20220411 18:37:31.112" level="INFO">Clicking element 'xpath=/html/body/div[1]/div/main/div[7]/div/div/div/div/form/div[10]/input'.</msg>
<msg timestamp="20220411 18:37:31.272" level="INFO" html="true">&lt;/td&gt;&lt;/tr&gt;&lt;tr&gt;&lt;td colspan="3"&gt;&lt;a href="screenshots/fail/selenium-screenshot-36.png"&gt;&lt;img src="screenshots/fail/selenium-screenshot-36.png" width="800px"&gt;&lt;/a&gt;</msg>
<msg timestamp="20220411 18:37:31.275" level="FAIL">ElementNotInteractableException: Message: element not interactable
  (Session info: chrome=100.0.4896.75)
Stacktrace:
Backtrace:
	Ordinal0 [0x01127413+2389011]
	Ordinal0 [0x010B9F61+1941345]
	Ordinal0 [0x00FAC520+836896]
	Ordinal0 [0x00FDA1F3+1024499]
	Ordinal0 [0x00FCFF93+982931]
	Ordinal0 [0x00FF414C+1130828]
	Ordinal0 [0x00FCF974+981364]
	Ordinal0 [0x00FF4364+1131364]
	Ordinal0 [0x01004302+1196802]
	Ordinal0 [0x00FF3F66+1130342]
	Ordinal0 [0x00FCE546+976198]
	Ordinal0 [0x00FCF456+980054]
	GetHandleVerifier [0x012D9632+1727522]
	GetHandleVerifier [0x0138BA4D+2457661]
	GetHandleVerifier [0x011BEB81+569713]
	GetHandleVerifier [0x011BDD76+566118]
	Ordinal0 [0x010C0B2B+1968939]
	Ordinal0 [0x010C5988+1989000]
	Ordinal0 [0x010C5A75+1989237]
	Ordinal0 [0x010CECB1+2026673]
	BaseThreadInitThunk [0x7749FA29+25]
	RtlGetAppContainerNamedObjectPath [0x77DA7A7E+286]
	RtlGetAppContainerNamedObjectPath [0x77DA7A4E+238]
</msg>
<status status="FAIL" starttime="20220411 18:37:31.112" endtime="20220411 18:37:31.275"/>
</kw>
<kw name="Sleep" library="BuiltIn">
<arg>5</arg>
<doc>Pauses the test executed for the given time.</doc>
<status status="NOT RUN" starttime="20220411 18:37:31.275" endtime="20220411 18:37:31.275"/>
</kw>
<kw name="Checkbox Should Be Selected" library="SeleniumLibrary">
<arg>edit-consent</arg>
<doc>Verifies checkbox ``locator`` is selected/checked.</doc>
<status status="NOT RUN" starttime="20220411 18:37:31.275" endtime="20220411 18:37:31.275"/>
</kw>
<kw name="Click Element" library="SeleniumLibrary">
<arg>xpath=/html/body/div[1]/div/main/div[7]/div/div/div/div/form/div[11]/label</arg>
<doc>Click the element identified by ``locator``.</doc>
<status status="NOT RUN" starttime="20220411 18:37:31.276" endtime="20220411 18:37:31.276"/>
</kw>
<kw name="Click Button" library="SeleniumLibrary">
<arg>edit-actions-submit</arg>
<doc>Clicks the button identified by ``locator``.</doc>
<status status="NOT RUN" starttime="20220411 18:37:31.276" endtime="20220411 18:37:31.276"/>
</kw>
<kw name="Log" library="BuiltIn">
<arg>Request has been sent</arg>
<doc>Logs the given message with the given level.</doc>
<status status="NOT RUN" starttime="20220411 18:37:31.276" endtime="20220411 18:37:31.276"/>
</kw>
<status status="FAIL" starttime="20220411 18:37:24.959" endtime="20220411 18:37:31.276"/>
</kw>
<kw name="Close Browser and Log" library="nexign_main_ru" type="TEARDOWN">
<kw name="Close Browser" library="SeleniumLibrary">
<doc>Closes the current browser.</doc>
<status status="PASS" starttime="20220411 18:37:31.277" endtime="20220411 18:37:33.460"/>
</kw>
<kw name="Log" library="BuiltIn">
<arg>Finished test.</arg>
<doc>Logs the given message with the given level.</doc>
<msg timestamp="20220411 18:37:33.460" level="INFO">Finished test.</msg>
<status status="PASS" starttime="20220411 18:37:33.460" endtime="20220411 18:37:33.460"/>
</kw>
<status status="PASS" starttime="20220411 18:37:31.277" endtime="20220411 18:37:33.460"/>
</kw>
<doc>Сценарий отправки формы обратной связи в роли пользователя</doc>
<tag>cookie</tag>
<tag>get-in-touch-form</tag>
<tag>nexign.com</tag>
<status status="FAIL" starttime="20220411 18:37:19.099" endtime="20220411 18:37:33.461">ElementNotInteractableException: Message: element not interactable
  (Session info: chrome=100.0.4896.75)
Stacktrace:
Backtrace:
	Ordinal0 [0x01127413+2389011]
	Ordinal0 [0x010B9F61+1941345]
	Ordinal0 [0x00FAC520+836896]
	Ordinal0 [0x00FDA1F3+1024499]
	Ordinal0 [0x00FCFF93+982931]
	Ordinal0 [0x00FF414C+1130828]
	Ordinal0 [0x00FCF974+981364]
	Ordinal0 [0x00FF4364+1131364]
	Ordinal0 [0x01004302+1196802]
	Ordinal0 [0x00FF3F66+1130342]
	Ordinal0 [0x00FCE546+976198]
	Ordinal0 [0x00FCF456+980054]
	GetHandleVerifier [0x012D9632+1727522]
	GetHandleVerifier [0x0138BA4D+2457661]
	GetHandleVerifier [0x011BEB81+569713]
	GetHandleVerifier [0x011BDD76+566118]
	Ordinal0 [0x010C0B2B+1968939]
	Ordinal0 [0x010C5988+1989000]
	Ordinal0 [0x010C5A75+1989237]
	Ordinal0 [0x010CECB1+2026673]
	BaseThreadInitThunk [0x7749FA29+25]
	RtlGetAppContainerNamedObjectPath [0x77DA7A7E+286]
	RtlGetAppContainerNamedObjectPath [0x77DA7A4E+238]
</status>
</test>
<doc>Тестирование сайта nexign.com в рамках самостоятельного проекта</doc>
<status status="FAIL" starttime="20220411 18:37:18.910" endtime="20220411 18:37:33.467"/>
</suite>
<statistics>
<total>
<stat pass="0" fail="1" skip="0">All Tests</stat>
</total>
<tag>
<stat pass="0" fail="1" skip="0">cookie</stat>
<stat pass="0" fail="1" skip="0">get-in-touch-form</stat>
<stat pass="0" fail="1" skip="0">nexign.com</stat>
</tag>
<suite>
<stat pass="0" fail="1" skip="0" id="s1" name="Test Nexign">Test Nexign</stat>
</suite>
</statistics>
<errors>
</errors>
</robot>
